# Frida colorer observation log (mwcceppc.exe 1.3.2 PRIVATE copy)
# Hook: FUN_00507a30 select/assign (onLeave). FUN_00507b50 supplies the
#       select stack; pop order (stack head->tail) == color order.
# Fields: key=web-birth [+0x10]  reg=home [+0x14]  flags [+0x16]
#         (0x1=spill 0x2=on-stack 0x8=coalesce-rel 0x40=coalesced-into)
# ASLR OFF (DllCharacteristics=0, ImageBase=0x400000) -> module base=0x400000.
# Generated by frida_colorer_run.py over the probes below.

######## PROBE: colorer_p0.c ########
[frida] colorer reader armed. base=0x400000 select=0x507a30 buildStack=0x507b50
========================================================
[COLOR step #0] class=4 lowReg=32 webCount=42 allColored=1 (0=spill)  n=5
-- POP/VISIT ORDER (stack head -> tail = color order) --
  #0 node@0x36c8360 key=41 deg=1 reg=r0 flags=0x2 adjN=5
  #1 node@0x36c8298 key=36 deg=14 reg=r31 flags=0x2 adjN=18
  #2 node@0x36c8258 key=35 deg=14 reg=r30 flags=0x2 adjN=18
  #3 node@0x36c8218 key=34 deg=13 reg=r29 flags=0x2 adjN=17
  #4 node@0x36c81d8 key=33 deg=12 reg=r28 flags=0x2 adjN=16
[driver] obj produced: True

######## PROBE: colorer_p2.c ########
[frida] colorer reader armed. base=0x400000 select=0x507a30 buildStack=0x507b50
========================================================
[COLOR step #0] class=4 lowReg=32 webCount=42 allColored=1 (0=spill)  n=6
-- POP/VISIT ORDER (stack head -> tail = color order) --
  #0 node@0x36b9348 key=41 deg=0 reg=r0 flags=0x2 adjN=0
  #1 node@0x36b9280 key=36 deg=14 reg=r31 flags=0x2 adjN=17
  #2 node@0x36b9240 key=35 deg=13 reg=r30 flags=0x2 adjN=16
  #3 node@0x36b9200 key=34 deg=12 reg=r29 flags=0x2 adjN=15
  #4 node@0x36b91c8 key=33 deg=11 reg=r28 flags=0x2 adjN=14
  #5 node@0x36b91a8 key=32 deg=0 reg=r0 flags=0x2 adjN=0
[driver] obj produced: True

######## PROBE: colorer_merge.c ########
[frida] colorer reader armed. base=0x400000 select=0x507a30 buildStack=0x507b50
========================================================
[COLOR step #0] class=4 lowReg=32 webCount=34 allColored=1 (0=spill)  n=2
-- POP/VISIT ORDER (stack head -> tail = color order) --
  #0 node@0x36b5fc0 key=33 deg=0 reg=r0 flags=0x2 adjN=0
  #1 node@0x36b5f88 key=32 deg=11 reg=r31 flags=0x2 adjN=11
========================================================
[COLOR step #1] class=4 lowReg=32 webCount=43 allColored=1 (0=spill)  n=6
-- POP/VISIT ORDER (stack head -> tail = color order) --
  #0 node@0x36b6410 key=42 deg=0 reg=r0 flags=0x2 adjN=0
  #1 node@0x36b6308 key=36 deg=15 reg=r31 flags=0x2 adjN=19
  #2 node@0x36b62c8 key=35 deg=14 reg=r30 flags=0x2 adjN=18
  #3 node@0x36b6288 key=34 deg=13 reg=r29 flags=0x2 adjN=17
  #4 node@0x36b6248 key=33 deg=12 reg=r28 flags=0x2 adjN=16
  #5 node@0x36b6200 key=32 deg=15 reg=r27 flags=0x2 adjN=19
[driver] obj produced: True

######## PROBE: colorer_declorder.c ########
[frida] colorer reader armed. base=0x400000 select=0x507a30 buildStack=0x507b50
========================================================
[COLOR step #0] class=4 lowReg=32 webCount=40 allColored=1 (0=spill)  n=5
-- POP/VISIT ORDER (stack head -> tail = color order) --
  #0 node@0x36f23f0 key=39 deg=1 reg=r0 flags=0x2 adjN=4
  #1 node@0x36f2350 key=35 deg=13 reg=r31 flags=0x2 adjN=17
  #2 node@0x36f2310 key=34 deg=12 reg=r30 flags=0x2 adjN=16
  #3 node@0x36f22d0 key=33 deg=11 reg=r29 flags=0x2 adjN=15
  #4 node@0x36f2298 key=32 deg=11 reg=r28 flags=0x2 adjN=14
========================================================
[COLOR step #1] class=4 lowReg=32 webCount=40 allColored=1 (0=spill)  n=4
-- POP/VISIT ORDER (stack head -> tail = color order) --
  #0 node@0x36f2350 key=35 deg=14 reg=r31 flags=0x2 adjN=17
  #1 node@0x36f2310 key=34 deg=13 reg=r30 flags=0x2 adjN=16
  #2 node@0x36f22d0 key=33 deg=12 reg=r29 flags=0x2 adjN=15
  #3 node@0x36f2298 key=32 deg=11 reg=r28 flags=0x2 adjN=14
[driver] obj produced: True

######## PROBE: colorer_regime.c ########
[frida] colorer reader armed. base=0x400000 select=0x507a30 buildStack=0x507b50
========================================================
[COLOR step #0] class=4 lowReg=32 webCount=37 allColored=1 (0=spill)  n=4
-- POP/VISIT ORDER (stack head -> tail = color order) --
  #0 node@0x36b5138 key=36 deg=1 reg=r0 flags=0x2 adjN=3
  #1 node@0x36b50e0 key=34 deg=11 reg=r31 flags=0x2 adjN=14
  #2 node@0x36b50a8 key=33 deg=11 reg=r30 flags=0x2 adjN=13
  #3 node@0x36b5068 key=32 deg=12 reg=r29 flags=0x2 adjN=15
========================================================
[COLOR step #1] class=4 lowReg=32 webCount=40 allColored=1 (0=spill)  n=4
-- POP/VISIT ORDER (stack head -> tail = color order) --
  #0 node@0x36b5248 key=35 deg=11 reg=r31 flags=0xa adjN=13
  #1 node@0x36b5208 key=34 deg=12 reg=r30 flags=0x2 adjN=15
  #2 node@0x36b51d0 key=33 deg=12 reg=r31 flags=0x42 adjN=14
  #3 node@0x36b5190 key=32 deg=14 reg=r29 flags=0x2 adjN=17
[driver] obj produced: True

